-------------------------------------------------------------------------------
Test set: com.orangehrm.LoginTest
-------------------------------------------------------------------------------
Tests run: 1, Failures: 0, Errors: 1, Skipped: 0, Time elapsed: 0.400 s <<< FAILURE! -- in com.orangehrm.LoginTest
com.orangehrm.LoginTest.testSuccessfulLogin -- Time elapsed: 0.392 s <<< ERROR!
com.microsoft.playwright.impl.TargetClosedError: 
Error {
  message='Target page, context or browser has been closed
Browser logs:

<launching> /home/codespace/.cache/ms-playwright/webkit-2003/pw_run.sh --inspector-pipe --headless --no-startup-window
<launched> pid=103968
[pid=103968][err] /home/codespace/.cache/ms-playwright/webkit-2003/minibrowser-wpe/bin/MiniBrowser: symbol lookup error: /home/codespace/.cache/ms-playwright/webkit-2003/minibrowser-wpe/lib/libWPEPlatform-2.0.so.0: undefined symbol: uidna_nameToUnicode_70
  name='TargetClosedError
  stack='TargetClosedError: Target page, context or browser has been closed
Browser logs:

<launching> /home/codespace/.cache/ms-playwright/webkit-2003/pw_run.sh --inspector-pipe --headless --no-startup-window
<launched> pid=103968
[pid=103968][err] /home/codespace/.cache/ms-playwright/webkit-2003/minibrowser-wpe/bin/MiniBrowser: symbol lookup error: /home/codespace/.cache/ms-playwright/webkit-2003/minibrowser-wpe/lib/libWPEPlatform-2.0.so.0: undefined symbol: uidna_nameToUnicode_70
    at DispatcherConnection.dispatch (/tmp/playwright-java-18247391340882545304/package/lib/server/dispatchers/dispatcher.js:375:15)
}
Call log:
- <launching> /home/codespace/.cache/ms-playwright/webkit-2003/pw_run.sh --inspector-pipe --headless --no-startup-window
- <launched> pid=103968
- [pid=103968][err] /home/codespace/.cache/ms-playwright/webkit-2003/minibrowser-wpe/bin/MiniBrowser: symbol lookup error: /home/codespace/.cache/ms-playwright/webkit-2003/minibrowser-wpe/lib/libWPEPlatform-2.0.so.0: undefined symbol: uidna_nameToUnicode_70

	at com.microsoft.playwright.impl.WaitableResult.get(WaitableResult.java:54)
	at com.microsoft.playwright.impl.ChannelOwner.runUntil(ChannelOwner.java:120)
	at com.microsoft.playwright.impl.Connection.sendMessage(Connection.java:130)
	at com.microsoft.playwright.impl.ChannelOwner.sendMessage(ChannelOwner.java:106)
	at com.microsoft.playwright.impl.BrowserTypeImpl.launchImpl(BrowserTypeImpl.java:50)
	at com.microsoft.playwright.impl.BrowserTypeImpl.lambda$launch$0(BrowserTypeImpl.java:42)
	at com.microsoft.playwright.impl.LoggingSupport.withLogging(LoggingSupport.java:47)
	at com.microsoft.playwright.impl.ChannelOwner.withLogging(ChannelOwner.java:89)
	at com.microsoft.playwright.impl.BrowserTypeImpl.launch(BrowserTypeImpl.java:42)
	at com.microsoft.playwright.impl.BrowserTypeImpl.launch(BrowserTypeImpl.java:35)
	at com.orangehrm.BaseTest.setup(BaseTest.java:19)
	at java.base/java.lang.reflect.Method.invoke(Method.java:580)
	at java.base/java.util.ArrayList.forEach(ArrayList.java:1596)
	at java.base/java.util.ArrayList.forEach(ArrayList.java:1596)
	Suppressed: java.lang.NullPointerException: Cannot invoke "com.microsoft.playwright.Browser.close()" because "this.browser" is null
		at com.orangehrm.BaseTest.tearDown(BaseTest.java:29)
		... 3 more
Caused by: com.microsoft.playwright.impl.TargetClosedError: Error {
  message='Target page, context or browser has been closed
Browser logs:

<launching> /home/codespace/.cache/ms-playwright/webkit-2003/pw_run.sh --inspector-pipe --headless --no-startup-window
<launched> pid=103968
[pid=103968][err] /home/codespace/.cache/ms-playwright/webkit-2003/minibrowser-wpe/bin/MiniBrowser: symbol lookup error: /home/codespace/.cache/ms-playwright/webkit-2003/minibrowser-wpe/lib/libWPEPlatform-2.0.so.0: undefined symbol: uidna_nameToUnicode_70
  name='TargetClosedError
  stack='TargetClosedError: Target page, context or browser has been closed
Browser logs:

<launching> /home/codespace/.cache/ms-playwright/webkit-2003/pw_run.sh --inspector-pipe --headless --no-startup-window
<launched> pid=103968
[pid=103968][err] /home/codespace/.cache/ms-playwright/webkit-2003/minibrowser-wpe/bin/MiniBrowser: symbol lookup error: /home/codespace/.cache/ms-playwright/webkit-2003/minibrowser-wpe/lib/libWPEPlatform-2.0.so.0: undefined symbol: uidna_nameToUnicode_70
    at DispatcherConnection.dispatch (/tmp/playwright-java-18247391340882545304/package/lib/server/dispatchers/dispatcher.js:375:15)
}
Call log:
- <launching> /home/codespace/.cache/ms-playwright/webkit-2003/pw_run.sh --inspector-pipe --headless --no-startup-window
- <launched> pid=103968
- [pid=103968][err] /home/codespace/.cache/ms-playwright/webkit-2003/minibrowser-wpe/bin/MiniBrowser: symbol lookup error: /home/codespace/.cache/ms-playwright/webkit-2003/minibrowser-wpe/lib/libWPEPlatform-2.0.so.0: undefined symbol: uidna_nameToUnicode_70

	at com.microsoft.playwright.impl.Connection.dispatch(Connection.java:256)
	at com.microsoft.playwright.impl.Connection.processOneMessage(Connection.java:211)
	at com.microsoft.playwright.impl.ChannelOwner.runUntil(ChannelOwner.java:118)
	... 12 more

