<?xml version="1.0" encoding="UTF-8"?>
<testsuite xmlns:xsi="http://www.w3.org/2001/XMLSchema-instance" xsi:noNamespaceSchemaLocation="https://maven.apache.org/surefire/maven-surefire-plugin/xsd/surefire-test-report-3.0.xsd" version="3.0" name="com.orangehrm.LoginTest" time="0.4" tests="1" errors="1" skipped="0" failures="0">
  <properties>
[...]
</properties>
  <testcase name="testSuccessfulLogin" classname="com.orangehrm.LoginTest" time="0.392">
    <error message="Error {&#10;  message=&apos;Target page, context or browser has been closed&#10;Browser logs:&#10;&#10;&lt;launching&gt; /home/codespace/.cache/ms-playwright/webkit-2003/pw_run.sh --inspector-pipe --headless --no-startup-window&#10;&lt;launched&gt; pid=103968&#10;[pid=103968][err] /home/codespace/.cache/ms-playwright/webkit-2003/minibrowser-wpe/bin/MiniBrowser: symbol lookup error: /home/codespace/.cache/ms-playwright/webkit-2003/minibrowser-wpe/lib/libWPEPlatform-2.0.so.0: undefined symbol: uidna_nameToUnicode_70&#10;  name=&apos;TargetClosedError&#10;  stack=&apos;TargetClosedError: Target page, context or browser has been closed&#10;Browser logs:&#10;&#10;&lt;launching&gt; /home/codespace/.cache/ms-playwright/webkit-2003/pw_run.sh --inspector-pipe --headless --no-startup-window&#10;&lt;launched&gt; pid=103968&#10;[pid=103968][err] /home/codespace/.cache/ms-playwright/webkit-2003/minibrowser-wpe/bin/MiniBrowser: symbol lookup error: /home/codespace/.cache/ms-playwright/webkit-2003/minibrowser-wpe/lib/libWPEPlatform-2.0.so.0: undefined symbol: uidna_nameToUnicode_70&#10;    at DispatcherConnection.dispatch (/tmp/playwright-java-18247391340882545304/package/lib/server/dispatchers/dispatcher.js:375:15)&#10;}&#10;Call log:&#10;- &lt;launching&gt; /home/codespace/.cache/ms-playwright/webkit-2003/pw_run.sh --inspector-pipe --headless --no-startup-window&#10;- &lt;launched&gt; pid=103968&#10;- [pid=103968][err] /home/codespace/.cache/ms-playwright/webkit-2003/minibrowser-wpe/bin/MiniBrowser: symbol lookup error: /home/codespace/.cache/ms-playwright/webkit-2003/minibrowser-wpe/lib/libWPEPlatform-2.0.so.0: undefined symbol: uidna_nameToUnicode_70&#10;" type="com.microsoft.playwright.impl.TargetClosedError"><![CDATA[com.microsoft.playwright.impl.TargetClosedError: 
Error {
  message='Target page, context or browser has been closed
Browser logs:

<launching> /home/codespace/.cache/ms-playwright/webkit-2003/pw_run.sh --inspector-pipe --headless --no-startup-window
<launched> pid=103968
[pid=103968][err] /home/codespace/.cache/ms-playwright/webkit-2003/minibrowser-wpe/bin/MiniBrowser: symbol lookup error: /home/codespace/.cache/ms-playwright/webkit-2003/minibrowser-wpe/lib/libWPEPlatform-2.0.so.0: undefined symbol: uidna_nameToUnicode_70
  name='TargetClosedError
  stack='TargetClosedError: Target page, context or browser has been closed
Browser logs:

<launching> /home/codespace/.cache/ms-playwright/webkit-2003/pw_run.sh --inspector-pipe --headless --no-startup-window
<launched> pid=103968
[pid=103968][err] /home/codespace/.cache/ms-playwright/webkit-2003/minibrowser-wpe/bin/MiniBrowser: symbol lookup error: /home/codespace/.cache/ms-playwright/webkit-2003/minibrowser-wpe/lib/libWPEPlatform-2.0.so.0: undefined symbol: uidna_nameToUnicode_70
    at DispatcherConnection.dispatch (/tmp/playwright-java-18247391340882545304/package/lib/server/dispatchers/dispatcher.js:375:15)
}
Call log:
- <launching> /home/codespace/.cache/ms-playwright/webkit-2003/pw_run.sh --inspector-pipe --headless --no-startup-window
- <launched> pid=103968
- [pid=103968][err] /home/codespace/.cache/ms-playwright/webkit-2003/minibrowser-wpe/bin/MiniBrowser: symbol lookup error: /home/codespace/.cache/ms-playwright/webkit-2003/minibrowser-wpe/lib/libWPEPlatform-2.0.so.0: undefined symbol: uidna_nameToUnicode_70

	at com.microsoft.playwright.impl.WaitableResult.get(WaitableResult.java:54)
	at com.microsoft.playwright.impl.ChannelOwner.runUntil(ChannelOwner.java:120)
	at com.microsoft.playwright.impl.Connection.sendMessage(Connection.java:130)
	at com.microsoft.playwright.impl.ChannelOwner.sendMessage(ChannelOwner.java:106)
	at com.microsoft.playwright.impl.BrowserTypeImpl.launchImpl(BrowserTypeImpl.java:50)
	at com.microsoft.playwright.impl.BrowserTypeImpl.lambda$launch$0(BrowserTypeImpl.java:42)
	at com.microsoft.playwright.impl.LoggingSupport.withLogging(LoggingSupport.java:47)
	at com.microsoft.playwright.impl.ChannelOwner.withLogging(ChannelOwner.java:89)
	at com.microsoft.playwright.impl.BrowserTypeImpl.launch(BrowserTypeImpl.java:42)
	at com.microsoft.playwright.impl.BrowserTypeImpl.launch(BrowserTypeImpl.java:35)
	at com.orangehrm.BaseTest.setup(BaseTest.java:19)
	at java.base/java.lang.reflect.Method.invoke(Method.java:580)
	at java.base/java.util.ArrayList.forEach(ArrayList.java:1596)
	at java.base/java.util.ArrayList.forEach(ArrayList.java:1596)
	Suppressed: java.lang.NullPointerException: Cannot invoke "com.microsoft.playwright.Browser.close()" because "this.browser" is null
		at com.orangehrm.BaseTest.tearDown(BaseTest.java:29)
		... 3 more
Caused by: com.microsoft.playwright.impl.TargetClosedError: Error {
  message='Target page, context or browser has been closed
Browser logs:

<launching> /home/codespace/.cache/ms-playwright/webkit-2003/pw_run.sh --inspector-pipe --headless --no-startup-window
<launched> pid=103968
[pid=103968][err] /home/codespace/.cache/ms-playwright/webkit-2003/minibrowser-wpe/bin/MiniBrowser: symbol lookup error: /home/codespace/.cache/ms-playwright/webkit-2003/minibrowser-wpe/lib/libWPEPlatform-2.0.so.0: undefined symbol: uidna_nameToUnicode_70
  name='TargetClosedError
  stack='TargetClosedError: Target page, context or browser has been closed
Browser logs:

<launching> /home/codespace/.cache/ms-playwright/webkit-2003/pw_run.sh --inspector-pipe --headless --no-startup-window
<launched> pid=103968
[pid=103968][err] /home/codespace/.cache/ms-playwright/webkit-2003/minibrowser-wpe/bin/MiniBrowser: symbol lookup error: /home/codespace/.cache/ms-playwright/webkit-2003/minibrowser-wpe/lib/libWPEPlatform-2.0.so.0: undefined symbol: uidna_nameToUnicode_70
    at DispatcherConnection.dispatch (/tmp/playwright-java-18247391340882545304/package/lib/server/dispatchers/dispatcher.js:375:15)
}
Call log:
- <launching> /home/codespace/.cache/ms-playwright/webkit-2003/pw_run.sh --inspector-pipe --headless --no-startup-window
- <launched> pid=103968
- [pid=103968][err] /home/codespace/.cache/ms-playwright/webkit-2003/minibrowser-wpe/bin/MiniBrowser: symbol lookup error: /home/codespace/.cache/ms-playwright/webkit-2003/minibrowser-wpe/lib/libWPEPlatform-2.0.so.0: undefined symbol: uidna_nameToUnicode_70

	at com.microsoft.playwright.impl.Connection.dispatch(Connection.java:256)
	at com.microsoft.playwright.impl.Connection.processOneMessage(Connection.java:211)
	at com.microsoft.playwright.impl.ChannelOwner.runUntil(ChannelOwner.java:118)
	... 12 more
]]></error>
  </testcase>
</testsuite>